nohup: ignoring input
2018-05-04 17:01:08,949 - WARNING - From /usr/local/lib/python3.6/site-packages/tensorflow/contrib/learn/python/learn/datasets/base.py:198: retry (from tensorflow.contrib.learn.python.learn.datasets.base) is deprecated and will be removed in a future version.
Instructions for updating:
Use the retry module or similar alternatives.
2018-05-04 17:01:10.856022: I tensorflow/core/platform/cpu_feature_guard.cc:140] Your CPU supports instructions that this TensorFlow binary was not compiled to use: AVX2 FMA
2018-05-04 17:01:11.037328: I tensorflow/stream_executor/cuda/cuda_gpu_executor.cc:898] successful NUMA node read from SysFS had negative value (-1), but there must be at least one NUMA node, so returning NUMA node zero
2018-05-04 17:01:11.038125: I tensorflow/core/common_runtime/gpu/gpu_device.cc:1344] Found device 0 with properties: 
name: Tesla K80 major: 3 minor: 7 memoryClockRate(GHz): 0.8235
pciBusID: 0000:00:08.0
totalMemory: 11.17GiB freeMemory: 11.10GiB
2018-05-04 17:01:11.038148: I tensorflow/core/common_runtime/gpu/gpu_device.cc:1423] Adding visible gpu devices: 0
2018-05-04 17:01:11.335414: I tensorflow/core/common_runtime/gpu/gpu_device.cc:911] Device interconnect StreamExecutor with strength 1 edge matrix:
2018-05-04 17:01:11.335488: I tensorflow/core/common_runtime/gpu/gpu_device.cc:917]      0 
2018-05-04 17:01:11.335498: I tensorflow/core/common_runtime/gpu/gpu_device.cc:930] 0:   N 
2018-05-04 17:01:11.335886: I tensorflow/core/common_runtime/gpu/gpu_device.cc:1041] Created TensorFlow device (/job:localhost/replica:0/task:0/device:GPU:0 with 10764 MB memory) -> physical GPU (device: 0, name: Tesla K80, pci bus id: 0000:00:08.0, compute capability: 3.7)
2018-05-04 17:01:46,396 - DEBUG - Epoch=1, iteration=100
2018-05-04 17:02:19,511 - DEBUG - Epoch=1, iteration=200
2018-05-04 17:02:52,652 - DEBUG - Epoch=1, iteration=300
2018-05-04 17:03:25,833 - DEBUG - Epoch=1, iteration=400
2018-05-04 17:03:58,976 - DEBUG - Epoch=1, iteration=500
2018-05-04 17:04:32,109 - DEBUG - Epoch=1, iteration=600
2018-05-04 17:05:05,241 - DEBUG - Epoch=1, iteration=700
2018-05-04 17:05:38,396 - DEBUG - Epoch=1, iteration=800
2018-05-04 17:06:11,634 - DEBUG - Epoch=1, iteration=900
2018-05-04 17:06:44,775 - DEBUG - Epoch=1, iteration=1000
2018-05-04 17:07:17,945 - DEBUG - Epoch=1, iteration=1100
2018-05-04 17:07:51,153 - DEBUG - Epoch=1, iteration=1200
2018-05-04 17:08:24,324 - DEBUG - Epoch=1, iteration=1300
2018-05-04 17:08:57,494 - DEBUG - Epoch=1, iteration=1400
2018-05-04 17:09:30,667 - DEBUG - Epoch=1, iteration=1500
2018-05-04 17:10:03,839 - DEBUG - Epoch=1, iteration=1600
2018-05-04 17:10:37,019 - DEBUG - Epoch=1, iteration=1700
2018-05-04 17:11:10,163 - DEBUG - Epoch=1, iteration=1800
2018-05-04 17:11:43,307 - DEBUG - Epoch=1, iteration=1900
2018-05-04 17:11:44,960 - INFO - Perplexity on training data after epoch 1: 241.68
2018-05-04 17:12:23,661 - DEBUG - Epoch=2, iteration=100
2018-05-04 17:12:56,762 - DEBUG - Epoch=2, iteration=200
2018-05-04 17:13:29,847 - DEBUG - Epoch=2, iteration=300
2018-05-04 17:14:02,992 - DEBUG - Epoch=2, iteration=400
2018-05-04 17:14:36,146 - DEBUG - Epoch=2, iteration=500
2018-05-04 17:15:09,265 - DEBUG - Epoch=2, iteration=600
2018-05-04 17:15:42,397 - DEBUG - Epoch=2, iteration=700
2018-05-04 17:16:15,530 - DEBUG - Epoch=2, iteration=800
2018-05-04 17:16:48,687 - DEBUG - Epoch=2, iteration=900
2018-05-04 17:17:21,836 - DEBUG - Epoch=2, iteration=1000
2018-05-04 17:17:54,959 - DEBUG - Epoch=2, iteration=1100
2018-05-04 17:18:28,050 - DEBUG - Epoch=2, iteration=1200
2018-05-04 17:19:01,182 - DEBUG - Epoch=2, iteration=1300
2018-05-04 17:19:34,286 - DEBUG - Epoch=2, iteration=1400
2018-05-04 17:20:07,454 - DEBUG - Epoch=2, iteration=1500
2018-05-04 17:20:40,625 - DEBUG - Epoch=2, iteration=1600
2018-05-04 17:21:13,764 - DEBUG - Epoch=2, iteration=1700
2018-05-04 17:21:46,907 - DEBUG - Epoch=2, iteration=1800
2018-05-04 17:22:20,079 - DEBUG - Epoch=2, iteration=1900
2018-05-04 17:22:21,737 - INFO - Perplexity on training data after epoch 2: 97.85
2018-05-04 17:23:00,452 - DEBUG - Epoch=3, iteration=100
2018-05-04 17:23:33,629 - DEBUG - Epoch=3, iteration=200
2018-05-04 17:24:06,763 - DEBUG - Epoch=3, iteration=300
2018-05-04 17:24:39,910 - DEBUG - Epoch=3, iteration=400
2018-05-04 17:25:13,043 - DEBUG - Epoch=3, iteration=500
2018-05-04 17:25:46,193 - DEBUG - Epoch=3, iteration=600
2018-05-04 17:26:19,319 - DEBUG - Epoch=3, iteration=700
2018-05-04 17:26:52,467 - DEBUG - Epoch=3, iteration=800
2018-05-04 17:27:25,612 - DEBUG - Epoch=3, iteration=900
2018-05-04 17:27:58,761 - DEBUG - Epoch=3, iteration=1000
2018-05-04 17:28:31,899 - DEBUG - Epoch=3, iteration=1100
2018-05-04 17:29:05,051 - DEBUG - Epoch=3, iteration=1200
2018-05-04 17:29:38,216 - DEBUG - Epoch=3, iteration=1300
2018-05-04 17:30:11,419 - DEBUG - Epoch=3, iteration=1400
2018-05-04 17:30:44,598 - DEBUG - Epoch=3, iteration=1500
2018-05-04 17:31:17,740 - DEBUG - Epoch=3, iteration=1600
2018-05-04 17:31:50,902 - DEBUG - Epoch=3, iteration=1700
2018-05-04 17:32:24,039 - DEBUG - Epoch=3, iteration=1800
2018-05-04 17:32:57,188 - DEBUG - Epoch=3, iteration=1900
2018-05-04 17:32:58,845 - INFO - Perplexity on training data after epoch 3: 73.79
2018-05-04 17:33:37,448 - DEBUG - Epoch=4, iteration=100
2018-05-04 17:34:10,582 - DEBUG - Epoch=4, iteration=200
2018-05-04 17:34:43,796 - DEBUG - Epoch=4, iteration=300
2018-05-04 17:35:16,922 - DEBUG - Epoch=4, iteration=400
2018-05-04 17:35:50,053 - DEBUG - Epoch=4, iteration=500
2018-05-04 17:36:23,293 - DEBUG - Epoch=4, iteration=600
2018-05-04 17:36:56,488 - DEBUG - Epoch=4, iteration=700
2018-05-04 17:37:29,707 - DEBUG - Epoch=4, iteration=800
2018-05-04 17:38:02,885 - DEBUG - Epoch=4, iteration=900
2018-05-04 17:38:36,094 - DEBUG - Epoch=4, iteration=1000
2018-05-04 17:39:09,245 - DEBUG - Epoch=4, iteration=1100
2018-05-04 17:39:42,358 - DEBUG - Epoch=4, iteration=1200
2018-05-04 17:40:15,492 - DEBUG - Epoch=4, iteration=1300
2018-05-04 17:40:48,657 - DEBUG - Epoch=4, iteration=1400
2018-05-04 17:41:21,818 - DEBUG - Epoch=4, iteration=1500
2018-05-04 17:41:54,948 - DEBUG - Epoch=4, iteration=1600
2018-05-04 17:42:28,070 - DEBUG - Epoch=4, iteration=1700
2018-05-04 17:43:01,192 - DEBUG - Epoch=4, iteration=1800
2018-05-04 17:43:34,345 - DEBUG - Epoch=4, iteration=1900
2018-05-04 17:43:36,001 - INFO - Perplexity on training data after epoch 4: 61.77
2018-05-04 17:44:14,571 - DEBUG - Epoch=5, iteration=100
2018-05-04 17:44:47,693 - DEBUG - Epoch=5, iteration=200
2018-05-04 17:45:20,819 - DEBUG - Epoch=5, iteration=300
2018-05-04 17:45:53,948 - DEBUG - Epoch=5, iteration=400
2018-05-04 17:46:27,100 - DEBUG - Epoch=5, iteration=500
2018-05-04 17:47:00,272 - DEBUG - Epoch=5, iteration=600
2018-05-04 17:47:33,452 - DEBUG - Epoch=5, iteration=700
2018-05-04 17:48:06,629 - DEBUG - Epoch=5, iteration=800
2018-05-04 17:48:39,814 - DEBUG - Epoch=5, iteration=900
2018-05-04 17:49:13,096 - DEBUG - Epoch=5, iteration=1000
2018-05-04 17:49:46,246 - DEBUG - Epoch=5, iteration=1100
2018-05-04 17:50:19,524 - DEBUG - Epoch=5, iteration=1200
2018-05-04 17:50:52,723 - DEBUG - Epoch=5, iteration=1300
2018-05-04 17:51:25,941 - DEBUG - Epoch=5, iteration=1400
2018-05-04 17:51:59,126 - DEBUG - Epoch=5, iteration=1500
2018-05-04 17:52:32,351 - DEBUG - Epoch=5, iteration=1600
2018-05-04 17:53:05,556 - DEBUG - Epoch=5, iteration=1700
2018-05-04 17:53:38,846 - DEBUG - Epoch=5, iteration=1800
2018-05-04 17:54:12,066 - DEBUG - Epoch=5, iteration=1900
2018-05-04 17:54:13,719 - INFO - Perplexity on training data after epoch 5: 53.99
2018-05-04 17:54:52,335 - DEBUG - Epoch=6, iteration=100
2018-05-04 17:55:25,513 - DEBUG - Epoch=6, iteration=200
2018-05-04 17:55:58,722 - DEBUG - Epoch=6, iteration=300
2018-05-04 17:56:31,968 - DEBUG - Epoch=6, iteration=400
2018-05-04 17:57:05,152 - DEBUG - Epoch=6, iteration=500
2018-05-04 17:57:38,450 - DEBUG - Epoch=6, iteration=600
2018-05-04 17:58:11,610 - DEBUG - Epoch=6, iteration=700
2018-05-04 17:58:44,779 - DEBUG - Epoch=6, iteration=800
2018-05-04 17:59:17,972 - DEBUG - Epoch=6, iteration=900
2018-05-04 17:59:51,163 - DEBUG - Epoch=6, iteration=1000
2018-05-04 18:00:24,282 - DEBUG - Epoch=6, iteration=1100
2018-05-04 18:00:57,530 - DEBUG - Epoch=6, iteration=1200
2018-05-04 18:01:30,810 - DEBUG - Epoch=6, iteration=1300
2018-05-04 18:02:04,053 - DEBUG - Epoch=6, iteration=1400
2018-05-04 18:02:37,281 - DEBUG - Epoch=6, iteration=1500
2018-05-04 18:03:10,514 - DEBUG - Epoch=6, iteration=1600
2018-05-04 18:03:43,734 - DEBUG - Epoch=6, iteration=1700
2018-05-04 18:04:16,940 - DEBUG - Epoch=6, iteration=1800
2018-05-04 18:04:50,205 - DEBUG - Epoch=6, iteration=1900
2018-05-04 18:04:51,862 - INFO - Perplexity on training data after epoch 6: 48.40
2018-05-04 18:05:30,531 - DEBUG - Epoch=7, iteration=100
2018-05-04 18:06:03,851 - DEBUG - Epoch=7, iteration=200
2018-05-04 18:06:37,168 - DEBUG - Epoch=7, iteration=300
2018-05-04 18:07:10,352 - DEBUG - Epoch=7, iteration=400
2018-05-04 18:07:43,521 - DEBUG - Epoch=7, iteration=500
2018-05-04 18:08:16,756 - DEBUG - Epoch=7, iteration=600
2018-05-04 18:08:49,971 - DEBUG - Epoch=7, iteration=700
2018-05-04 18:09:23,156 - DEBUG - Epoch=7, iteration=800
2018-05-04 18:09:56,333 - DEBUG - Epoch=7, iteration=900
2018-05-04 18:10:29,503 - DEBUG - Epoch=7, iteration=1000
2018-05-04 18:11:02,737 - DEBUG - Epoch=7, iteration=1100
2018-05-04 18:11:35,903 - DEBUG - Epoch=7, iteration=1200
2018-05-04 18:12:09,094 - DEBUG - Epoch=7, iteration=1300
2018-05-04 18:12:42,298 - DEBUG - Epoch=7, iteration=1400
2018-05-04 18:13:15,540 - DEBUG - Epoch=7, iteration=1500
2018-05-04 18:13:48,783 - DEBUG - Epoch=7, iteration=1600
2018-05-04 18:14:21,973 - DEBUG - Epoch=7, iteration=1700
2018-05-04 18:14:55,194 - DEBUG - Epoch=7, iteration=1800
2018-05-04 18:15:28,338 - DEBUG - Epoch=7, iteration=1900
2018-05-04 18:15:30,004 - INFO - Perplexity on training data after epoch 7: 44.12
2018-05-04 18:16:08,482 - DEBUG - Epoch=8, iteration=100
2018-05-04 18:16:41,661 - DEBUG - Epoch=8, iteration=200
2018-05-04 18:17:14,837 - DEBUG - Epoch=8, iteration=300
2018-05-04 18:17:48,013 - DEBUG - Epoch=8, iteration=400
2018-05-04 18:18:21,155 - DEBUG - Epoch=8, iteration=500
2018-05-04 18:18:54,364 - DEBUG - Epoch=8, iteration=600
2018-05-04 18:19:27,564 - DEBUG - Epoch=8, iteration=700
2018-05-04 18:20:00,810 - DEBUG - Epoch=8, iteration=800
2018-05-04 18:20:34,054 - DEBUG - Epoch=8, iteration=900
2018-05-04 18:21:07,405 - DEBUG - Epoch=8, iteration=1000
2018-05-04 18:21:40,649 - DEBUG - Epoch=8, iteration=1100
2018-05-04 18:22:13,837 - DEBUG - Epoch=8, iteration=1200
2018-05-04 18:22:47,075 - DEBUG - Epoch=8, iteration=1300
2018-05-04 18:23:20,296 - DEBUG - Epoch=8, iteration=1400
2018-05-04 18:23:53,485 - DEBUG - Epoch=8, iteration=1500
2018-05-04 18:24:26,661 - DEBUG - Epoch=8, iteration=1600
2018-05-04 18:24:59,883 - DEBUG - Epoch=8, iteration=1700
2018-05-04 18:25:33,087 - DEBUG - Epoch=8, iteration=1800
2018-05-04 18:26:06,283 - DEBUG - Epoch=8, iteration=1900
2018-05-04 18:26:07,944 - INFO - Perplexity on training data after epoch 8: 40.71
2018-05-04 18:26:46,641 - DEBUG - Epoch=9, iteration=100
2018-05-04 18:27:19,854 - DEBUG - Epoch=9, iteration=200
2018-05-04 18:27:53,060 - DEBUG - Epoch=9, iteration=300
2018-05-04 18:28:26,281 - DEBUG - Epoch=9, iteration=400
2018-05-04 18:28:59,476 - DEBUG - Epoch=9, iteration=500
2018-05-04 18:29:32,716 - DEBUG - Epoch=9, iteration=600
2018-05-04 18:30:05,907 - DEBUG - Epoch=9, iteration=700
2018-05-04 18:30:39,204 - DEBUG - Epoch=9, iteration=800
2018-05-04 18:31:12,487 - DEBUG - Epoch=9, iteration=900
2018-05-04 18:31:45,744 - DEBUG - Epoch=9, iteration=1000
2018-05-04 18:32:18,883 - DEBUG - Epoch=9, iteration=1100
2018-05-04 18:32:52,112 - DEBUG - Epoch=9, iteration=1200
2018-05-04 18:33:25,378 - DEBUG - Epoch=9, iteration=1300
2018-05-04 18:33:58,587 - DEBUG - Epoch=9, iteration=1400
2018-05-04 18:34:31,784 - DEBUG - Epoch=9, iteration=1500
2018-05-04 18:35:04,938 - DEBUG - Epoch=9, iteration=1600
2018-05-04 18:35:38,142 - DEBUG - Epoch=9, iteration=1700
2018-05-04 18:36:11,287 - DEBUG - Epoch=9, iteration=1800
2018-05-04 18:36:44,512 - DEBUG - Epoch=9, iteration=1900
2018-05-04 18:36:46,172 - INFO - Perplexity on training data after epoch 9: 37.91
2018-05-04 18:37:26,375 - DEBUG - Epoch=10, iteration=100
2018-05-04 18:37:59,636 - DEBUG - Epoch=10, iteration=200
2018-05-04 18:38:32,898 - DEBUG - Epoch=10, iteration=300
2018-05-04 18:39:06,134 - DEBUG - Epoch=10, iteration=400
2018-05-04 18:39:39,326 - DEBUG - Epoch=10, iteration=500
2018-05-04 18:40:12,576 - DEBUG - Epoch=10, iteration=600
2018-05-04 18:40:45,805 - DEBUG - Epoch=10, iteration=700
2018-05-04 18:41:18,887 - DEBUG - Epoch=10, iteration=800
2018-05-04 18:41:52,078 - DEBUG - Epoch=10, iteration=900
2018-05-04 18:42:25,280 - DEBUG - Epoch=10, iteration=1000
2018-05-04 18:42:58,456 - DEBUG - Epoch=10, iteration=1100
2018-05-04 18:43:31,644 - DEBUG - Epoch=10, iteration=1200
2018-05-04 18:44:04,895 - DEBUG - Epoch=10, iteration=1300
2018-05-04 18:44:38,158 - DEBUG - Epoch=10, iteration=1400
2018-05-04 18:45:11,337 - DEBUG - Epoch=10, iteration=1500
2018-05-04 18:45:44,554 - DEBUG - Epoch=10, iteration=1600
2018-05-04 18:46:17,740 - DEBUG - Epoch=10, iteration=1700
2018-05-04 18:46:50,972 - DEBUG - Epoch=10, iteration=1800
2018-05-04 18:47:24,183 - DEBUG - Epoch=10, iteration=1900
2018-05-04 18:47:25,840 - INFO - Perplexity on training data after epoch 10: 35.52
2018-05-04 18:48:04,404 - DEBUG - Epoch=11, iteration=100
2018-05-04 18:48:37,643 - DEBUG - Epoch=11, iteration=200
2018-05-04 18:49:10,852 - DEBUG - Epoch=11, iteration=300
2018-05-04 18:49:43,984 - DEBUG - Epoch=11, iteration=400
2018-05-04 18:50:17,150 - DEBUG - Epoch=11, iteration=500
2018-05-04 18:50:50,390 - DEBUG - Epoch=11, iteration=600
2018-05-04 18:51:23,601 - DEBUG - Epoch=11, iteration=700
2018-05-04 18:51:56,794 - DEBUG - Epoch=11, iteration=800
2018-05-04 18:52:29,996 - DEBUG - Epoch=11, iteration=900
2018-05-04 18:53:03,238 - DEBUG - Epoch=11, iteration=1000
2018-05-04 18:53:36,422 - DEBUG - Epoch=11, iteration=1100
2018-05-04 18:54:09,590 - DEBUG - Epoch=11, iteration=1200
2018-05-04 18:54:42,761 - DEBUG - Epoch=11, iteration=1300
2018-05-04 18:55:15,939 - DEBUG - Epoch=11, iteration=1400
2018-05-04 18:55:49,238 - DEBUG - Epoch=11, iteration=1500
2018-05-04 18:56:22,614 - DEBUG - Epoch=11, iteration=1600
2018-05-04 18:56:55,994 - DEBUG - Epoch=11, iteration=1700
2018-05-04 18:57:29,376 - DEBUG - Epoch=11, iteration=1800
2018-05-04 18:58:02,758 - DEBUG - Epoch=11, iteration=1900
2018-05-04 18:58:04,426 - INFO - Perplexity on training data after epoch 11: 33.46
2018-05-04 18:58:43,206 - DEBUG - Epoch=12, iteration=100
2018-05-04 18:59:16,586 - DEBUG - Epoch=12, iteration=200
2018-05-04 18:59:49,973 - DEBUG - Epoch=12, iteration=300
2018-05-04 19:00:23,305 - DEBUG - Epoch=12, iteration=400
2018-05-04 19:00:56,612 - DEBUG - Epoch=12, iteration=500
2018-05-04 19:01:29,952 - DEBUG - Epoch=12, iteration=600
2018-05-04 19:02:03,271 - DEBUG - Epoch=12, iteration=700
2018-05-04 19:02:36,614 - DEBUG - Epoch=12, iteration=800
2018-05-04 19:03:09,996 - DEBUG - Epoch=12, iteration=900
2018-05-04 19:03:43,380 - DEBUG - Epoch=12, iteration=1000
2018-05-04 19:04:16,819 - DEBUG - Epoch=12, iteration=1100
2018-05-04 19:04:50,210 - DEBUG - Epoch=12, iteration=1200
2018-05-04 19:05:23,581 - DEBUG - Epoch=12, iteration=1300
2018-05-04 19:05:56,972 - DEBUG - Epoch=12, iteration=1400
2018-05-04 19:06:30,319 - DEBUG - Epoch=12, iteration=1500
2018-05-04 19:07:03,722 - DEBUG - Epoch=12, iteration=1600
2018-05-04 19:07:37,171 - DEBUG - Epoch=12, iteration=1700
2018-05-04 19:08:10,532 - DEBUG - Epoch=12, iteration=1800
2018-05-04 19:08:43,904 - DEBUG - Epoch=12, iteration=1900
2018-05-04 19:08:45,587 - INFO - Perplexity on training data after epoch 12: 31.63
2018-05-04 19:09:24,477 - DEBUG - Epoch=13, iteration=100
2018-05-04 19:09:57,899 - DEBUG - Epoch=13, iteration=200
2018-05-04 19:10:31,276 - DEBUG - Epoch=13, iteration=300
2018-05-04 19:11:04,693 - DEBUG - Epoch=13, iteration=400
2018-05-04 19:11:37,913 - DEBUG - Epoch=13, iteration=500
2018-05-04 19:12:11,122 - DEBUG - Epoch=13, iteration=600
2018-05-04 19:12:44,283 - DEBUG - Epoch=13, iteration=700
2018-05-04 19:13:17,517 - DEBUG - Epoch=13, iteration=800
2018-05-04 19:13:50,702 - DEBUG - Epoch=13, iteration=900
2018-05-04 19:14:23,846 - DEBUG - Epoch=13, iteration=1000
2018-05-04 19:14:57,040 - DEBUG - Epoch=13, iteration=1100
2018-05-04 19:15:30,215 - DEBUG - Epoch=13, iteration=1200
2018-05-04 19:16:03,394 - DEBUG - Epoch=13, iteration=1300
2018-05-04 19:16:36,561 - DEBUG - Epoch=13, iteration=1400
2018-05-04 19:17:09,716 - DEBUG - Epoch=13, iteration=1500
2018-05-04 19:17:42,859 - DEBUG - Epoch=13, iteration=1600
2018-05-04 19:18:16,054 - DEBUG - Epoch=13, iteration=1700
2018-05-04 19:18:49,221 - DEBUG - Epoch=13, iteration=1800
2018-05-04 19:19:22,405 - DEBUG - Epoch=13, iteration=1900
2018-05-04 19:19:24,064 - INFO - Perplexity on training data after epoch 13: 29.99
2018-05-04 19:20:02,472 - DEBUG - Epoch=14, iteration=100
2018-05-04 19:20:35,611 - DEBUG - Epoch=14, iteration=200
2018-05-04 19:21:08,763 - DEBUG - Epoch=14, iteration=300
2018-05-04 19:21:41,968 - DEBUG - Epoch=14, iteration=400
2018-05-04 19:22:15,202 - DEBUG - Epoch=14, iteration=500
2018-05-04 19:22:48,401 - DEBUG - Epoch=14, iteration=600
2018-05-04 19:23:21,598 - DEBUG - Epoch=14, iteration=700
2018-05-04 19:23:54,757 - DEBUG - Epoch=14, iteration=800
2018-05-04 19:24:27,942 - DEBUG - Epoch=14, iteration=900
2018-05-04 19:25:01,098 - DEBUG - Epoch=14, iteration=1000
2018-05-04 19:25:34,343 - DEBUG - Epoch=14, iteration=1100
2018-05-04 19:26:07,534 - DEBUG - Epoch=14, iteration=1200
2018-05-04 19:26:40,721 - DEBUG - Epoch=14, iteration=1300
2018-05-04 19:27:13,902 - DEBUG - Epoch=14, iteration=1400
2018-05-04 19:27:47,123 - DEBUG - Epoch=14, iteration=1500
2018-05-04 19:28:20,308 - DEBUG - Epoch=14, iteration=1600
2018-05-04 19:28:53,451 - DEBUG - Epoch=14, iteration=1700
2018-05-04 19:29:26,668 - DEBUG - Epoch=14, iteration=1800
2018-05-04 19:29:59,776 - DEBUG - Epoch=14, iteration=1900
2018-05-04 19:30:01,450 - INFO - Perplexity on training data after epoch 14: 28.51
2018-05-04 19:30:39,984 - DEBUG - Epoch=15, iteration=100
2018-05-04 19:31:13,118 - DEBUG - Epoch=15, iteration=200
2018-05-04 19:31:46,305 - DEBUG - Epoch=15, iteration=300
2018-05-04 19:32:19,453 - DEBUG - Epoch=15, iteration=400
2018-05-04 19:32:52,595 - DEBUG - Epoch=15, iteration=500
2018-05-04 19:33:25,758 - DEBUG - Epoch=15, iteration=600
2018-05-04 19:33:58,907 - DEBUG - Epoch=15, iteration=700
2018-05-04 19:34:32,061 - DEBUG - Epoch=15, iteration=800
2018-05-04 19:35:05,163 - DEBUG - Epoch=15, iteration=900
2018-05-04 19:35:38,312 - DEBUG - Epoch=15, iteration=1000
2018-05-04 19:36:11,438 - DEBUG - Epoch=15, iteration=1100
2018-05-04 19:36:44,559 - DEBUG - Epoch=15, iteration=1200
2018-05-04 19:37:17,720 - DEBUG - Epoch=15, iteration=1300
2018-05-04 19:37:50,892 - DEBUG - Epoch=15, iteration=1400
2018-05-04 19:38:24,037 - DEBUG - Epoch=15, iteration=1500
2018-05-04 19:38:57,118 - DEBUG - Epoch=15, iteration=1600
2018-05-04 19:39:30,228 - DEBUG - Epoch=15, iteration=1700
2018-05-04 19:40:03,326 - DEBUG - Epoch=15, iteration=1800
2018-05-04 19:40:36,390 - DEBUG - Epoch=15, iteration=1900
2018-05-04 19:40:38,048 - INFO - Perplexity on training data after epoch 15: 27.15
